TN:
SF:src/config/index.ts
FNF:0
FNH:0
DA:3,2
DA:12,2
LF:2
LH:2
BRDA:5,0,0,2
BRDA:5,0,1,2
BRDA:8,1,0,2
BRDA:8,1,1,2
BRF:4
BRH:4
end_of_record
TN:
SF:src/lib/request.ts
FN:9,(anonymous_8)
FN:9,(anonymous_9)
FNF:2
FNH:0
FNDA:0,(anonymous_8)
FNDA:0,(anonymous_9)
DA:1,2
DA:9,2
DA:10,0
DA:13,0
DA:15,0
DA:16,0
DA:19,2
LF:7
LH:3
BRF:0
BRH:0
end_of_record
TN:
SF:src/lib/poke-api/pokemon.ts
FN:12,(anonymous_8)
FN:12,(anonymous_9)
FNF:2
FNH:2
FNDA:1,(anonymous_8)
FNDA:1,(anonymous_9)
DA:1,2
DA:2,2
DA:4,2
DA:12,2
DA:13,1
DA:14,1
DA:16,1
DA:17,1
DA:20,2
LF:9
LH:9
BRF:0
BRH:0
end_of_record
TN:
SF:src/server/controller/pokeController.ts
FN:4,(anonymous_8)
FN:4,(anonymous_9)
FNF:2
FNH:2
FNDA:2,(anonymous_8)
FNDA:2,(anonymous_9)
DA:2,1
DA:4,2
DA:5,2
DA:6,2
DA:7,1
DA:8,1
DA:10,1
DA:14,1
LF:8
LH:8
BRF:0
BRH:0
end_of_record
TN:
SF:src/services/pokeServices.ts
FN:9,(anonymous_8)
FN:9,(anonymous_9)
FNF:2
FNH:0
FNDA:0,(anonymous_8)
FNDA:0,(anonymous_9)
DA:1,1
DA:9,1
DA:10,0
DA:11,0
DA:14,1
LF:5
LH:3
BRF:0
BRH:0
end_of_record
